<?xml version="1.0" encoding="UTF-8"?>
<testng-results ignored="0" total="1" passed="1" failed="0" skipped="0">
  <reporter-output>
  </reporter-output>
  <suite started-at="2022-12-08T11:38:31 MST" name="Suite" finished-at="2022-12-08T11:38:48 MST" duration-ms="17126">
    <groups>
    </groups>
    <test started-at="2022-12-08T11:38:31 MST" name="BankingApp Test" finished-at="2022-12-08T11:38:48 MST" duration-ms="17126">
      <class name="bank.TestCases.TC_Login001">
        <test-method is-config="true" signature="browserSetup(java.lang.String)[pri:0, instance:bank.TestCases.TC_Login001@101952da]" started-at="2022-12-08T11:38:31 MST" name="browserSetup" finished-at="2022-12-08T11:38:46 MST" duration-ms="15003" status="PASS">
          <params>
            <param index="0">
              <value>
                <![CDATA[firefox]]>
              </value>
            </param>
          </params>
          <reporter-output>
          </reporter-output>
        </test-method> <!-- browserSetup -->
        <test-method signature="loginTest()[pri:0, instance:bank.TestCases.TC_Login001@101952da]" started-at="2022-12-08T11:38:46 MST" name="loginTest" finished-at="2022-12-08T11:38:47 MST" duration-ms="892" status="PASS">
          <reporter-output>
          </reporter-output>
        </test-method> <!-- loginTest -->
        <test-method is-config="true" signature="tearDown()[pri:0, instance:bank.TestCases.TC_Login001@101952da]" started-at="2022-12-08T11:38:47 MST" name="tearDown" finished-at="2022-12-08T11:38:48 MST" duration-ms="981" status="PASS">
          <reporter-output>
          </reporter-output>
        </test-method> <!-- tearDown -->
      </class> <!-- bank.TestCases.TC_Login001 -->
    </test> <!-- BankingApp Test -->
  </suite> <!-- Suite -->
</testng-results>
